1580050638008	addons.webextension.doh-rollout@mozilla.org	WARN	Loading extension 'doh-rollout@mozilla.org': Reading manifest: Invalid extension permission: networkStatus
1580050638093	addons.webextension.screenshots@mozilla.org	WARN	Loading extension 'screenshots@mozilla.org': Reading manifest: Invalid extension permission: mozillaAddons
1580050638093	addons.webextension.screenshots@mozilla.org	WARN	Loading extension 'screenshots@mozilla.org': Reading manifest: Invalid extension permission: telemetry
1580050638093	addons.webextension.screenshots@mozilla.org	WARN	Loading extension 'screenshots@mozilla.org': Reading manifest: Invalid extension permission: resource://pdf.js/
1580050638093	addons.webextension.screenshots@mozilla.org	WARN	Loading extension 'screenshots@mozilla.org': Reading manifest: Invalid extension permission: about:reader*

(firefox:27055): GLib-GIO-WARNING **: 16:57:18.196: /etc/xdg/kde-mimeapps.list contains a [Added Associations] group, but it is not permitted here.  Only the non-desktop-specific mimeapps.list file may add or remove associations.

(firefox:27055): Gtk-WARNING **: 16:57:18.224: Theme directory places/22 of theme dark-mode has no size field


(firefox:27055): Gtk-WARNING **: 16:57:18.224: Theme directory places/24 of theme dark-mode has no size field

1580050638988	Marionette	INFO	Listening on port 35363
1580050639016	Marionette	WARN	TLS certificate errors will be ignored for this session
JavaScript warning: https://mail.protonmail.com/9.8542fd4997.chunk.js, line 0: Successfully compiled asm.js code (total compilation time 7ms)
JavaScript warning: blob:https://mail.protonmail.com/34f6ae44-88b4-461b-a3b9-05d34b97f056, line 0: Successfully compiled asm.js code (total compilation time 1ms)
JavaScript warning: blob:https://mail.protonmail.com/34f6ae44-88b4-461b-a3b9-05d34b97f056, line 0: Successfully compiled asm.js code (total compilation time 2ms)
JavaScript warning: blob:https://mail.protonmail.com/34f6ae44-88b4-461b-a3b9-05d34b97f056, line 0: Successfully compiled asm.js code (total compilation time 17ms)
JavaScript warning: https://mail.protonmail.com/api/challenge/js?Type=1, line 0: Successfully compiled asm.js code (total compilation time 7ms)
JavaScript warning: https://mail.protonmail.com/api/challenge/js?Type=0, line 0: Successfully compiled asm.js code (total compilation time 4ms)
JavaScript warning: https://mail.protonmail.com/9.8542fd4997.chunk.js, line 0: Successfully compiled asm.js code (total compilation time 8ms)
1580050765211	Marionette	INFO	Stopped listening on port 35363
1580050766122	addons.webextension.doh-rollout@mozilla.org	WARN	Loading extension 'doh-rollout@mozilla.org': Reading manifest: Invalid extension permission: networkStatus
1580050766198	addons.webextension.screenshots@mozilla.org	WARN	Loading extension 'screenshots@mozilla.org': Reading manifest: Invalid extension permission: mozillaAddons
1580050766198	addons.webextension.screenshots@mozilla.org	WARN	Loading extension 'screenshots@mozilla.org': Reading manifest: Invalid extension permission: telemetry
1580050766198	addons.webextension.screenshots@mozilla.org	WARN	Loading extension 'screenshots@mozilla.org': Reading manifest: Invalid extension permission: resource://pdf.js/
1580050766198	addons.webextension.screenshots@mozilla.org	WARN	Loading extension 'screenshots@mozilla.org': Reading manifest: Invalid extension permission: about:reader*

(firefox:27417): GLib-GIO-WARNING **: 16:59:26.303: /etc/xdg/kde-mimeapps.list contains a [Added Associations] group, but it is not permitted here.  Only the non-desktop-specific mimeapps.list file may add or remove associations.

(firefox:27417): Gtk-WARNING **: 16:59:26.331: Theme directory places/22 of theme dark-mode has no size field


(firefox:27417): Gtk-WARNING **: 16:59:26.331: Theme directory places/24 of theme dark-mode has no size field

1580050767101	Marionette	INFO	Listening on port 34419
1580050767143	Marionette	WARN	TLS certificate errors will be ignored for this session
JavaScript warning: https://mail.protonmail.com/9.8542fd4997.chunk.js, line 0: Successfully compiled asm.js code (total compilation time 6ms)
JavaScript warning: blob:https://mail.protonmail.com/13f1e2df-cdb9-45d7-9e83-01b662103669, line 0: Successfully compiled asm.js code (total compilation time 1ms)
JavaScript warning: blob:https://mail.protonmail.com/13f1e2df-cdb9-45d7-9e83-01b662103669, line 0: Successfully compiled asm.js code (total compilation time 2ms)
JavaScript warning: blob:https://mail.protonmail.com/13f1e2df-cdb9-45d7-9e83-01b662103669, line 0: Successfully compiled asm.js code (total compilation time 16ms)
JavaScript warning: https://mail.protonmail.com/api/challenge/js?Type=0, line 0: Successfully compiled asm.js code (total compilation time 6ms)
JavaScript warning: https://mail.protonmail.com/api/challenge/js?Type=1, line 0: Successfully compiled asm.js code (total compilation time 2ms)
1580050781552	Marionette	INFO	Stopped listening on port 34419
1580050781876	addons.webextension.doh-rollout@mozilla.org	WARN	Loading extension 'doh-rollout@mozilla.org': Reading manifest: Invalid extension permission: networkStatus
1580050781949	addons.webextension.screenshots@mozilla.org	WARN	Loading extension 'screenshots@mozilla.org': Reading manifest: Invalid extension permission: mozillaAddons
1580050781949	addons.webextension.screenshots@mozilla.org	WARN	Loading extension 'screenshots@mozilla.org': Reading manifest: Invalid extension permission: telemetry
1580050781949	addons.webextension.screenshots@mozilla.org	WARN	Loading extension 'screenshots@mozilla.org': Reading manifest: Invalid extension permission: resource://pdf.js/
1580050781949	addons.webextension.screenshots@mozilla.org	WARN	Loading extension 'screenshots@mozilla.org': Reading manifest: Invalid extension permission: about:reader*

(firefox:27687): GLib-GIO-WARNING **: 16:59:42.041: /etc/xdg/kde-mimeapps.list contains a [Added Associations] group, but it is not permitted here.  Only the non-desktop-specific mimeapps.list file may add or remove associations.

(firefox:27687): Gtk-WARNING **: 16:59:42.065: Theme directory places/22 of theme dark-mode has no size field


(firefox:27687): Gtk-WARNING **: 16:59:42.065: Theme directory places/24 of theme dark-mode has no size field

1580050782876	Marionette	INFO	Listening on port 41539
1580050782904	Marionette	WARN	TLS certificate errors will be ignored for this session
JavaScript warning: https://mail.protonmail.com/9.8542fd4997.chunk.js, line 0: Successfully compiled asm.js code (total compilation time 6ms)
JavaScript warning: blob:https://mail.protonmail.com/68bc8779-1739-4a0a-a77b-f9007c6c3dd4, line 0: Successfully compiled asm.js code (total compilation time 3ms)
JavaScript warning: blob:https://mail.protonmail.com/68bc8779-1739-4a0a-a77b-f9007c6c3dd4, line 0: Successfully compiled asm.js code (total compilation time 7ms)
JavaScript warning: blob:https://mail.protonmail.com/68bc8779-1739-4a0a-a77b-f9007c6c3dd4, line 0: Successfully compiled asm.js code (total compilation time 30ms)
JavaScript warning: https://mail.protonmail.com/api/challenge/js?Type=1, line 0: Successfully compiled asm.js code (total compilation time 5ms)
JavaScript warning: https://mail.protonmail.com/api/challenge/js?Type=0, line 0: Successfully compiled asm.js code (total compilation time 5ms)
JavaScript warning: https://mail.protonmail.com/9.8542fd4997.chunk.js, line 0: Successfully compiled asm.js code (total compilation time 7ms)
console.error: (new TypeError("parent is null", "resource://devtools/client/inspector/shared/style-change-tracker.js", 83))
TypeError: parent is null: canMutationImpactCurrentStyles@resource://devtools/client/inspector/shared/style-change-tracker.js:83:24
onMutations@resource://devtools/client/inspector/shared/style-change-tracker.js:100:41
emit@resource://devtools/shared/event-emitter.js:190:24
emit@resource://devtools/shared/event-emitter.js:271:18
getMutations@resource://devtools/shared/fronts/walker.js:411:10

console.error: (new TypeError("container.node.targetFront is null", "resource://devtools/client/inspector/markup/markup.js", 2252))
1580050940653	Marionette	INFO	Stopped listening on port 41539
1580050942393	addons.webextension.doh-rollout@mozilla.org	WARN	Loading extension 'doh-rollout@mozilla.org': Reading manifest: Invalid extension permission: networkStatus
1580050942475	addons.webextension.screenshots@mozilla.org	WARN	Loading extension 'screenshots@mozilla.org': Reading manifest: Invalid extension permission: mozillaAddons
1580050942475	addons.webextension.screenshots@mozilla.org	WARN	Loading extension 'screenshots@mozilla.org': Reading manifest: Invalid extension permission: telemetry
1580050942475	addons.webextension.screenshots@mozilla.org	WARN	Loading extension 'screenshots@mozilla.org': Reading manifest: Invalid extension permission: resource://pdf.js/
1580050942475	addons.webextension.screenshots@mozilla.org	WARN	Loading extension 'screenshots@mozilla.org': Reading manifest: Invalid extension permission: about:reader*

(firefox:28048): GLib-GIO-WARNING **: 17:02:22.583: /etc/xdg/kde-mimeapps.list contains a [Added Associations] group, but it is not permitted here.  Only the non-desktop-specific mimeapps.list file may add or remove associations.

(firefox:28048): Gtk-WARNING **: 17:02:22.610: Theme directory places/22 of theme dark-mode has no size field


(firefox:28048): Gtk-WARNING **: 17:02:22.610: Theme directory places/24 of theme dark-mode has no size field

1580050943376	Marionette	INFO	Listening on port 45209
1580050943423	Marionette	WARN	TLS certificate errors will be ignored for this session
JavaScript warning: https://mail.protonmail.com/9.8542fd4997.chunk.js, line 0: Successfully compiled asm.js code (total compilation time 6ms)
JavaScript warning: blob:https://mail.protonmail.com/2e8fdb79-aa8c-48b4-8f66-8986eb67d8e5, line 0: Successfully compiled asm.js code (total compilation time 1ms)
JavaScript warning: blob:https://mail.protonmail.com/2e8fdb79-aa8c-48b4-8f66-8986eb67d8e5, line 0: Successfully compiled asm.js code (total compilation time 3ms)
JavaScript warning: blob:https://mail.protonmail.com/2e8fdb79-aa8c-48b4-8f66-8986eb67d8e5, line 0: Successfully compiled asm.js code (total compilation time 17ms)
JavaScript warning: https://mail.protonmail.com/api/challenge/js?Type=1, line 0: Successfully compiled asm.js code (total compilation time 6ms)
JavaScript warning: https://mail.protonmail.com/api/challenge/js?Type=0, line 0: Successfully compiled asm.js code (total compilation time 1ms)
1580050965416	Marionette	INFO	Stopped listening on port 45209
1580051509420	addons.webextension.doh-rollout@mozilla.org	WARN	Loading extension 'doh-rollout@mozilla.org': Reading manifest: Invalid extension permission: networkStatus
1580051509508	addons.webextension.screenshots@mozilla.org	WARN	Loading extension 'screenshots@mozilla.org': Reading manifest: Invalid extension permission: mozillaAddons
1580051509508	addons.webextension.screenshots@mozilla.org	WARN	Loading extension 'screenshots@mozilla.org': Reading manifest: Invalid extension permission: telemetry
1580051509508	addons.webextension.screenshots@mozilla.org	WARN	Loading extension 'screenshots@mozilla.org': Reading manifest: Invalid extension permission: resource://pdf.js/
1580051509508	addons.webextension.screenshots@mozilla.org	WARN	Loading extension 'screenshots@mozilla.org': Reading manifest: Invalid extension permission: about:reader*

(firefox:28737): GLib-GIO-WARNING **: 17:11:49.612: /etc/xdg/kde-mimeapps.list contains a [Added Associations] group, but it is not permitted here.  Only the non-desktop-specific mimeapps.list file may add or remove associations.

(firefox:28737): Gtk-WARNING **: 17:11:49.634: Theme directory places/22 of theme dark-mode has no size field


(firefox:28737): Gtk-WARNING **: 17:11:49.634: Theme directory places/24 of theme dark-mode has no size field

1580051510382	Marionette	INFO	Listening on port 33269
1580051510433	Marionette	WARN	TLS certificate errors will be ignored for this session
JavaScript warning: https://mail.protonmail.com/9.8542fd4997.chunk.js, line 0: Successfully compiled asm.js code (total compilation time 7ms)
JavaScript warning: blob:https://mail.protonmail.com/6c5ea71d-ccad-4179-9b9c-c9b23dd14bcd, line 0: Successfully compiled asm.js code (total compilation time 1ms)
JavaScript warning: blob:https://mail.protonmail.com/6c5ea71d-ccad-4179-9b9c-c9b23dd14bcd, line 0: Successfully compiled asm.js code (total compilation time 3ms)
JavaScript warning: blob:https://mail.protonmail.com/6c5ea71d-ccad-4179-9b9c-c9b23dd14bcd, line 0: Successfully compiled asm.js code (total compilation time 16ms)
JavaScript warning: https://mail.protonmail.com/api/challenge/js?Type=1, line 0: Successfully compiled asm.js code (total compilation time 6ms)
JavaScript warning: https://mail.protonmail.com/api/challenge/js?Type=0, line 0: Successfully compiled asm.js code (total compilation time 1ms)
JavaScript warning: https://mail.protonmail.com/9.8542fd4997.chunk.js, line 0: Successfully compiled asm.js code (total compilation time 9ms)
1580051576699	Marionette	INFO	Stopped listening on port 33269
1580051592898	addons.webextension.doh-rollout@mozilla.org	WARN	Loading extension 'doh-rollout@mozilla.org': Reading manifest: Invalid extension permission: networkStatus
1580051592983	addons.webextension.screenshots@mozilla.org	WARN	Loading extension 'screenshots@mozilla.org': Reading manifest: Invalid extension permission: mozillaAddons
1580051592983	addons.webextension.screenshots@mozilla.org	WARN	Loading extension 'screenshots@mozilla.org': Reading manifest: Invalid extension permission: telemetry
1580051592984	addons.webextension.screenshots@mozilla.org	WARN	Loading extension 'screenshots@mozilla.org': Reading manifest: Invalid extension permission: resource://pdf.js/
1580051592984	addons.webextension.screenshots@mozilla.org	WARN	Loading extension 'screenshots@mozilla.org': Reading manifest: Invalid extension permission: about:reader*

(firefox:29046): GLib-GIO-WARNING **: 17:13:13.128: /etc/xdg/kde-mimeapps.list contains a [Added Associations] group, but it is not permitted here.  Only the non-desktop-specific mimeapps.list file may add or remove associations.

(firefox:29046): Gtk-WARNING **: 17:13:13.159: Theme directory places/22 of theme dark-mode has no size field


(firefox:29046): Gtk-WARNING **: 17:13:13.159: Theme directory places/24 of theme dark-mode has no size field

1580051593909	Marionette	INFO	Listening on port 41551
1580051594009	Marionette	WARN	TLS certificate errors will be ignored for this session
JavaScript warning: https://mail.protonmail.com/9.8542fd4997.chunk.js, line 0: Successfully compiled asm.js code (total compilation time 9ms)
JavaScript warning: blob:https://mail.protonmail.com/68267a14-b64a-45b6-9951-24779a8f8c36, line 0: Successfully compiled asm.js code (total compilation time 1ms)
JavaScript warning: blob:https://mail.protonmail.com/68267a14-b64a-45b6-9951-24779a8f8c36, line 0: Successfully compiled asm.js code (total compilation time 2ms)
JavaScript warning: blob:https://mail.protonmail.com/68267a14-b64a-45b6-9951-24779a8f8c36, line 0: Successfully compiled asm.js code (total compilation time 17ms)
JavaScript warning: https://mail.protonmail.com/api/challenge/js?Type=1, line 0: Successfully compiled asm.js code (total compilation time 6ms)
JavaScript warning: https://mail.protonmail.com/api/challenge/js?Type=0, line 0: Successfully compiled asm.js code (total compilation time 1ms)
1580051604493	Marionette	INFO	Stopped listening on port 41551
1580051630743	addons.webextension.doh-rollout@mozilla.org	WARN	Loading extension 'doh-rollout@mozilla.org': Reading manifest: Invalid extension permission: networkStatus
1580051630829	addons.webextension.screenshots@mozilla.org	WARN	Loading extension 'screenshots@mozilla.org': Reading manifest: Invalid extension permission: mozillaAddons
1580051630829	addons.webextension.screenshots@mozilla.org	WARN	Loading extension 'screenshots@mozilla.org': Reading manifest: Invalid extension permission: telemetry
1580051630830	addons.webextension.screenshots@mozilla.org	WARN	Loading extension 'screenshots@mozilla.org': Reading manifest: Invalid extension permission: resource://pdf.js/
1580051630830	addons.webextension.screenshots@mozilla.org	WARN	Loading extension 'screenshots@mozilla.org': Reading manifest: Invalid extension permission: about:reader*

(firefox:29334): GLib-GIO-WARNING **: 17:13:50.964: /etc/xdg/kde-mimeapps.list contains a [Added Associations] group, but it is not permitted here.  Only the non-desktop-specific mimeapps.list file may add or remove associations.

(firefox:29334): Gtk-WARNING **: 17:13:50.996: Theme directory places/22 of theme dark-mode has no size field


(firefox:29334): Gtk-WARNING **: 17:13:50.996: Theme directory places/24 of theme dark-mode has no size field

1580051631780	Marionette	INFO	Listening on port 37641
1580051631863	Marionette	WARN	TLS certificate errors will be ignored for this session
JavaScript warning: https://mail.protonmail.com/9.8542fd4997.chunk.js, line 0: Successfully compiled asm.js code (total compilation time 7ms)
JavaScript warning: blob:https://mail.protonmail.com/b368a17a-01dc-4ba4-a4ae-f4d3f42d280d, line 0: Successfully compiled asm.js code (total compilation time 1ms)
JavaScript warning: blob:https://mail.protonmail.com/b368a17a-01dc-4ba4-a4ae-f4d3f42d280d, line 0: Successfully compiled asm.js code (total compilation time 2ms)
JavaScript warning: blob:https://mail.protonmail.com/b368a17a-01dc-4ba4-a4ae-f4d3f42d280d, line 0: Successfully compiled asm.js code (total compilation time 17ms)
JavaScript warning: https://mail.protonmail.com/api/challenge/js?Type=1, line 0: Successfully compiled asm.js code (total compilation time 6ms)
JavaScript warning: https://mail.protonmail.com/api/challenge/js?Type=0, line 0: Successfully compiled asm.js code (total compilation time 6ms)
JavaScript warning: https://mail.protonmail.com/9.8542fd4997.chunk.js, line 0: Successfully compiled asm.js code (total compilation time 7ms)
1580051711133	Marionette	INFO	Stopped listening on port 37641
1580051711888	addons.webextension.doh-rollout@mozilla.org	WARN	Loading extension 'doh-rollout@mozilla.org': Reading manifest: Invalid extension permission: networkStatus
1580051711970	addons.webextension.screenshots@mozilla.org	WARN	Loading extension 'screenshots@mozilla.org': Reading manifest: Invalid extension permission: mozillaAddons
1580051711970	addons.webextension.screenshots@mozilla.org	WARN	Loading extension 'screenshots@mozilla.org': Reading manifest: Invalid extension permission: telemetry
1580051711970	addons.webextension.screenshots@mozilla.org	WARN	Loading extension 'screenshots@mozilla.org': Reading manifest: Invalid extension permission: resource://pdf.js/
1580051711970	addons.webextension.screenshots@mozilla.org	WARN	Loading extension 'screenshots@mozilla.org': Reading manifest: Invalid extension permission: about:reader*

(firefox:29643): GLib-GIO-WARNING **: 17:15:12.088: /etc/xdg/kde-mimeapps.list contains a [Added Associations] group, but it is not permitted here.  Only the non-desktop-specific mimeapps.list file may add or remove associations.

(firefox:29643): Gtk-WARNING **: 17:15:12.114: Theme directory places/22 of theme dark-mode has no size field


(firefox:29643): Gtk-WARNING **: 17:15:12.114: Theme directory places/24 of theme dark-mode has no size field

1580051712877	Marionette	INFO	Listening on port 36003
1580051712908	Marionette	WARN	TLS certificate errors will be ignored for this session
JavaScript warning: blob:https://mail.protonmail.com/d58d0ba3-6d7d-4278-8f87-85cdc4aaa17f, line 0: Successfully compiled asm.js code (total compilation time 6ms)
JavaScript warning: blob:https://mail.protonmail.com/d58d0ba3-6d7d-4278-8f87-85cdc4aaa17f, line 0: Successfully compiled asm.js code (total compilation time 15ms)
JavaScript warning: blob:https://mail.protonmail.com/d58d0ba3-6d7d-4278-8f87-85cdc4aaa17f, line 0: Successfully compiled asm.js code (total compilation time 55ms)
JavaScript warning: https://mail.protonmail.com/9.8542fd4997.chunk.js, line 0: Successfully compiled asm.js code (total compilation time 6ms)
JavaScript warning: https://mail.protonmail.com/api/challenge/js?Type=1, line 0: Successfully compiled asm.js code (total compilation time 5ms)
JavaScript warning: https://mail.protonmail.com/api/challenge/js?Type=0, line 0: Successfully compiled asm.js code (total compilation time 1ms)
1580051740284	addons.webextension.doh-rollout@mozilla.org	WARN	Loading extension 'doh-rollout@mozilla.org': Reading manifest: Invalid extension permission: networkStatus
1580051740372	addons.webextension.screenshots@mozilla.org	WARN	Loading extension 'screenshots@mozilla.org': Reading manifest: Invalid extension permission: mozillaAddons
1580051740372	addons.webextension.screenshots@mozilla.org	WARN	Loading extension 'screenshots@mozilla.org': Reading manifest: Invalid extension permission: telemetry
1580051740372	addons.webextension.screenshots@mozilla.org	WARN	Loading extension 'screenshots@mozilla.org': Reading manifest: Invalid extension permission: resource://pdf.js/
1580051740372	addons.webextension.screenshots@mozilla.org	WARN	Loading extension 'screenshots@mozilla.org': Reading manifest: Invalid extension permission: about:reader*

(firefox:29904): GLib-GIO-WARNING **: 17:15:40.483: /etc/xdg/kde-mimeapps.list contains a [Added Associations] group, but it is not permitted here.  Only the non-desktop-specific mimeapps.list file may add or remove associations.

(firefox:29904): Gtk-WARNING **: 17:15:40.511: Theme directory places/22 of theme dark-mode has no size field


(firefox:29904): Gtk-WARNING **: 17:15:40.511: Theme directory places/24 of theme dark-mode has no size field

1580051741280	Marionette	INFO	Listening on port 45805
1580051741295	Marionette	WARN	TLS certificate errors will be ignored for this session
1580051741329	Marionette	INFO	Stopped listening on port 36003
JavaScript warning: https://mail.protonmail.com/9.8542fd4997.chunk.js, line 0: Successfully compiled asm.js code (total compilation time 6ms)
JavaScript warning: blob:https://mail.protonmail.com/f5499279-0194-4696-bf62-1baaecf81795, line 0: Successfully compiled asm.js code (total compilation time 1ms)
JavaScript warning: blob:https://mail.protonmail.com/f5499279-0194-4696-bf62-1baaecf81795, line 0: Successfully compiled asm.js code (total compilation time 3ms)
JavaScript warning: blob:https://mail.protonmail.com/f5499279-0194-4696-bf62-1baaecf81795, line 0: Successfully compiled asm.js code (total compilation time 17ms)
1580051749835	Marionette	INFO	Stopped listening on port 45805
1580051750126	addons.webextension.doh-rollout@mozilla.org	WARN	Loading extension 'doh-rollout@mozilla.org': Reading manifest: Invalid extension permission: networkStatus
1580051750207	addons.webextension.screenshots@mozilla.org	WARN	Loading extension 'screenshots@mozilla.org': Reading manifest: Invalid extension permission: mozillaAddons
1580051750207	addons.webextension.screenshots@mozilla.org	WARN	Loading extension 'screenshots@mozilla.org': Reading manifest: Invalid extension permission: telemetry
1580051750207	addons.webextension.screenshots@mozilla.org	WARN	Loading extension 'screenshots@mozilla.org': Reading manifest: Invalid extension permission: resource://pdf.js/
1580051750207	addons.webextension.screenshots@mozilla.org	WARN	Loading extension 'screenshots@mozilla.org': Reading manifest: Invalid extension permission: about:reader*

(firefox:30159): GLib-GIO-WARNING **: 17:15:50.309: /etc/xdg/kde-mimeapps.list contains a [Added Associations] group, but it is not permitted here.  Only the non-desktop-specific mimeapps.list file may add or remove associations.

(firefox:30159): Gtk-WARNING **: 17:15:50.336: Theme directory places/22 of theme dark-mode has no size field


(firefox:30159): Gtk-WARNING **: 17:15:50.336: Theme directory places/24 of theme dark-mode has no size field

1580051751079	Marionette	INFO	Listening on port 37989
1580051751147	Marionette	WARN	TLS certificate errors will be ignored for this session
JavaScript warning: https://mail.protonmail.com/9.8542fd4997.chunk.js, line 0: Successfully compiled asm.js code (total compilation time 6ms)
JavaScript warning: blob:https://mail.protonmail.com/5b58312d-466d-473f-b7ad-3e0ead224555, line 0: Successfully compiled asm.js code (total compilation time 1ms)
JavaScript warning: blob:https://mail.protonmail.com/5b58312d-466d-473f-b7ad-3e0ead224555, line 0: Successfully compiled asm.js code (total compilation time 2ms)
JavaScript warning: blob:https://mail.protonmail.com/5b58312d-466d-473f-b7ad-3e0ead224555, line 0: Successfully compiled asm.js code (total compilation time 16ms)
JavaScript warning: https://mail.protonmail.com/api/challenge/js?Type=0, line 0: Successfully compiled asm.js code (total compilation time 5ms)
JavaScript warning: https://mail.protonmail.com/api/challenge/js?Type=1, line 0: Successfully compiled asm.js code (total compilation time 2ms)
console.warn: LoginRecipes: "getRecipes: falling back to a synchronous message for:" "https://mail.protonmail.com"
1580053180536	Marionette	INFO	Stopped listening on port 37989
1580672537968	addons.webextension.doh-rollout@mozilla.org	WARN	Loading extension 'doh-rollout@mozilla.org': Reading manifest: Invalid extension permission: networkStatus
1580672538041	addons.webextension.screenshots@mozilla.org	WARN	Loading extension 'screenshots@mozilla.org': Reading manifest: Invalid extension permission: mozillaAddons
1580672538041	addons.webextension.screenshots@mozilla.org	WARN	Loading extension 'screenshots@mozilla.org': Reading manifest: Invalid extension permission: telemetry
1580672538041	addons.webextension.screenshots@mozilla.org	WARN	Loading extension 'screenshots@mozilla.org': Reading manifest: Invalid extension permission: resource://pdf.js/
1580672538041	addons.webextension.screenshots@mozilla.org	WARN	Loading extension 'screenshots@mozilla.org': Reading manifest: Invalid extension permission: about:reader*

(firefox:32100): GLib-GIO-WARNING **: 21:42:18.136: /etc/xdg/kde-mimeapps.list contains a [Added Associations] group, but it is not permitted here.  Only the non-desktop-specific mimeapps.list file may add or remove associations.

(firefox:32100): Gtk-WARNING **: 21:42:18.163: Theme directory places/22 of theme dark-mode has no size field


(firefox:32100): Gtk-WARNING **: 21:42:18.163: Theme directory places/24 of theme dark-mode has no size field

1580672539007	Marionette	INFO	Listening on port 43503
1580672539108	Marionette	WARN	TLS certificate errors will be ignored for this session
JavaScript warning: blob:https://mail.protonmail.com/802ab035-21d0-4d05-84ab-c455a86beec9, line 0: Successfully compiled asm.js code (total compilation time 7ms)
JavaScript warning: blob:https://mail.protonmail.com/802ab035-21d0-4d05-84ab-c455a86beec9, line 0: Successfully compiled asm.js code (total compilation time 12ms)
JavaScript warning: blob:https://mail.protonmail.com/802ab035-21d0-4d05-84ab-c455a86beec9, line 0: Successfully compiled asm.js code (total compilation time 30ms)
JavaScript warning: https://mail.protonmail.com/9.8542fd4997.chunk.js, line 0: Successfully compiled asm.js code (total compilation time 7ms)
JavaScript warning: https://mail.protonmail.com/api/challenge/js?Type=1, line 0: Successfully compiled asm.js code (total compilation time 6ms)
JavaScript warning: https://mail.protonmail.com/api/challenge/js?Type=0, line 0: Successfully compiled asm.js code (total compilation time 7ms)
1580672908747	addons.webextension.doh-rollout@mozilla.org	WARN	Loading extension 'doh-rollout@mozilla.org': Reading manifest: Invalid extension permission: networkStatus
1580672908818	addons.webextension.screenshots@mozilla.org	WARN	Loading extension 'screenshots@mozilla.org': Reading manifest: Invalid extension permission: mozillaAddons
1580672908819	addons.webextension.screenshots@mozilla.org	WARN	Loading extension 'screenshots@mozilla.org': Reading manifest: Invalid extension permission: telemetry
1580672908819	addons.webextension.screenshots@mozilla.org	WARN	Loading extension 'screenshots@mozilla.org': Reading manifest: Invalid extension permission: resource://pdf.js/
1580672908819	addons.webextension.screenshots@mozilla.org	WARN	Loading extension 'screenshots@mozilla.org': Reading manifest: Invalid extension permission: about:reader*

(firefox:32521): GLib-GIO-WARNING **: 21:48:28.910: /etc/xdg/kde-mimeapps.list contains a [Added Associations] group, but it is not permitted here.  Only the non-desktop-specific mimeapps.list file may add or remove associations.

(firefox:32521): Gtk-WARNING **: 21:48:28.931: Theme directory places/22 of theme dark-mode has no size field


(firefox:32521): Gtk-WARNING **: 21:48:28.931: Theme directory places/24 of theme dark-mode has no size field

1580672909734	Marionette	INFO	Listening on port 35065
1580672909798	Marionette	WARN	TLS certificate errors will be ignored for this session
JavaScript warning: blob:https://mail.protonmail.com/90fafad1-8ea3-457c-adc9-f2f1e7c2c9d1, line 0: Successfully compiled asm.js code (total compilation time 3ms)
JavaScript warning: blob:https://mail.protonmail.com/90fafad1-8ea3-457c-adc9-f2f1e7c2c9d1, line 0: Successfully compiled asm.js code (total compilation time 10ms)
JavaScript warning: blob:https://mail.protonmail.com/90fafad1-8ea3-457c-adc9-f2f1e7c2c9d1, line 0: Successfully compiled asm.js code (total compilation time 48ms)
JavaScript warning: https://mail.protonmail.com/9.8542fd4997.chunk.js, line 0: Successfully compiled asm.js code (total compilation time 8ms)
JavaScript warning: https://mail.protonmail.com/api/challenge/js?Type=0, line 0: Successfully compiled asm.js code (total compilation time 5ms)
JavaScript warning: https://mail.protonmail.com/api/challenge/js?Type=1, line 0: Successfully compiled asm.js code (total compilation time 4ms)
1580672923235	Marionette	INFO	Stopped listening on port 35065
JavaScript warning: blob:https://mail.protonmail.com/180bb1ab-ddd0-4a4e-b79b-4f5f131ace93, line 0: Successfully compiled asm.js code (total compilation time 6ms)
JavaScript warning: blob:https://mail.protonmail.com/180bb1ab-ddd0-4a4e-b79b-4f5f131ace93, line 0: Successfully compiled asm.js code (total compilation time 14ms)
JavaScript warning: blob:https://mail.protonmail.com/180bb1ab-ddd0-4a4e-b79b-4f5f131ace93, line 0: Successfully compiled asm.js code (total compilation time 42ms)
JavaScript warning: https://mail.protonmail.com/9.8542fd4997.chunk.js, line 0: Successfully compiled asm.js code (total compilation time 6ms)
1580673511183	Marionette	INFO	Stopped listening on port 43503
1580675117882	addons.webextension.doh-rollout@mozilla.org	WARN	Loading extension 'doh-rollout@mozilla.org': Reading manifest: Invalid extension permission: networkStatus
1580675117953	addons.webextension.screenshots@mozilla.org	WARN	Loading extension 'screenshots@mozilla.org': Reading manifest: Invalid extension permission: mozillaAddons
1580675117953	addons.webextension.screenshots@mozilla.org	WARN	Loading extension 'screenshots@mozilla.org': Reading manifest: Invalid extension permission: telemetry
1580675117954	addons.webextension.screenshots@mozilla.org	WARN	Loading extension 'screenshots@mozilla.org': Reading manifest: Invalid extension permission: resource://pdf.js/
1580675117954	addons.webextension.screenshots@mozilla.org	WARN	Loading extension 'screenshots@mozilla.org': Reading manifest: Invalid extension permission: about:reader*

(firefox:2242): GLib-GIO-WARNING **: 22:25:18.056: /etc/xdg/kde-mimeapps.list contains a [Added Associations] group, but it is not permitted here.  Only the non-desktop-specific mimeapps.list file may add or remove associations.

(firefox:2242): Gtk-WARNING **: 22:25:18.081: Theme directory places/22 of theme dark-mode has no size field


(firefox:2242): Gtk-WARNING **: 22:25:18.081: Theme directory places/24 of theme dark-mode has no size field

1580675118890	Marionette	INFO	Listening on port 44355
1580675118923	Marionette	WARN	TLS certificate errors will be ignored for this session
JavaScript warning: https://mail.protonmail.com/9.8542fd4997.chunk.js, line 0: Successfully compiled asm.js code (total compilation time 6ms)
JavaScript warning: blob:https://mail.protonmail.com/158a7cf8-5f2e-465a-bc5f-1370b32089a1, line 0: Successfully compiled asm.js code (total compilation time 6ms)
JavaScript warning: blob:https://mail.protonmail.com/158a7cf8-5f2e-465a-bc5f-1370b32089a1, line 0: Successfully compiled asm.js code (total compilation time 13ms)
JavaScript warning: blob:https://mail.protonmail.com/158a7cf8-5f2e-465a-bc5f-1370b32089a1, line 0: Successfully compiled asm.js code (total compilation time 48ms)
1580675138372	Marionette	INFO	Stopped listening on port 44355
1580675305359	addons.webextension.doh-rollout@mozilla.org	WARN	Loading extension 'doh-rollout@mozilla.org': Reading manifest: Invalid extension permission: networkStatus
1580675305430	addons.webextension.screenshots@mozilla.org	WARN	Loading extension 'screenshots@mozilla.org': Reading manifest: Invalid extension permission: mozillaAddons
1580675305431	addons.webextension.screenshots@mozilla.org	WARN	Loading extension 'screenshots@mozilla.org': Reading manifest: Invalid extension permission: telemetry
1580675305431	addons.webextension.screenshots@mozilla.org	WARN	Loading extension 'screenshots@mozilla.org': Reading manifest: Invalid extension permission: resource://pdf.js/
1580675305431	addons.webextension.screenshots@mozilla.org	WARN	Loading extension 'screenshots@mozilla.org': Reading manifest: Invalid extension permission: about:reader*

(firefox:2577): GLib-GIO-WARNING **: 22:28:25.533: /etc/xdg/kde-mimeapps.list contains a [Added Associations] group, but it is not permitted here.  Only the non-desktop-specific mimeapps.list file may add or remove associations.

(firefox:2577): Gtk-WARNING **: 22:28:25.558: Theme directory places/22 of theme dark-mode has no size field


(firefox:2577): Gtk-WARNING **: 22:28:25.558: Theme directory places/24 of theme dark-mode has no size field

1580675306337	Marionette	INFO	Listening on port 42525
1580675306405	Marionette	WARN	TLS certificate errors will be ignored for this session
JavaScript warning: https://mail.protonmail.com/9.8542fd4997.chunk.js, line 0: Successfully compiled asm.js code (total compilation time 9ms)
JavaScript warning: https://mail.protonmail.com/9.8542fd4997.chunk.js, line 0: Successfully compiled asm.js code (total compilation time 8ms)
JavaScript warning: blob:https://mail.protonmail.com/b3e51f24-d774-423f-abba-bfcd113ed795, line 0: Successfully compiled asm.js code (total compilation time 1ms)
JavaScript warning: blob:https://mail.protonmail.com/b3e51f24-d774-423f-abba-bfcd113ed795, line 0: Successfully compiled asm.js code (total compilation time 4ms)
JavaScript warning: blob:https://mail.protonmail.com/b3e51f24-d774-423f-abba-bfcd113ed795, line 0: Successfully compiled asm.js code (total compilation time 18ms)
JavaScript error: resource://gre/actors/AutoCompleteChild.jsm, line 196: Error: Invalid autocomplete selectedIndex
JavaScript error: resource://gre/actors/AutoCompleteChild.jsm, line 196: Error: Invalid autocomplete selectedIndex
JavaScript error: resource://gre/modules/LoginManagerChild.jsm, line 179: NS_ERROR_XPC_JAVASCRIPT_ERROR_WITH_DETAILS: [JavaScript Error: "Invalid autocomplete selectedIndex" {file: "resource://gre/actors/AutoCompleteChild.jsm" line: 196}]'[JavaScript Error: "Invalid autocomplete selectedIndex" {file: "resource://gre/actors/AutoCompleteChild.jsm" line: 196}]' when calling method: [nsIAutoCompletePopup::selectedIndex]
1580675318376	Marionette	INFO	Stopped listening on port 42525
1580675331272	addons.webextension.doh-rollout@mozilla.org	WARN	Loading extension 'doh-rollout@mozilla.org': Reading manifest: Invalid extension permission: networkStatus
1580675331344	addons.webextension.screenshots@mozilla.org	WARN	Loading extension 'screenshots@mozilla.org': Reading manifest: Invalid extension permission: mozillaAddons
1580675331344	addons.webextension.screenshots@mozilla.org	WARN	Loading extension 'screenshots@mozilla.org': Reading manifest: Invalid extension permission: telemetry
1580675331344	addons.webextension.screenshots@mozilla.org	WARN	Loading extension 'screenshots@mozilla.org': Reading manifest: Invalid extension permission: resource://pdf.js/
1580675331345	addons.webextension.screenshots@mozilla.org	WARN	Loading extension 'screenshots@mozilla.org': Reading manifest: Invalid extension permission: about:reader*

(firefox:2847): GLib-GIO-WARNING **: 22:28:51.441: /etc/xdg/kde-mimeapps.list contains a [Added Associations] group, but it is not permitted here.  Only the non-desktop-specific mimeapps.list file may add or remove associations.

(firefox:2847): Gtk-WARNING **: 22:28:51.465: Theme directory places/22 of theme dark-mode has no size field


(firefox:2847): Gtk-WARNING **: 22:28:51.465: Theme directory places/24 of theme dark-mode has no size field

1580675332178	Marionette	INFO	Listening on port 45937
1580675332218	Marionette	WARN	TLS certificate errors will be ignored for this session
JavaScript warning: blob:https://mail.protonmail.com/63542a84-38b1-4419-8986-87ceabeb03fe, line 0: Successfully compiled asm.js code (total compilation time 6ms)
JavaScript warning: blob:https://mail.protonmail.com/63542a84-38b1-4419-8986-87ceabeb03fe, line 0: Successfully compiled asm.js code (total compilation time 11ms)
JavaScript warning: blob:https://mail.protonmail.com/63542a84-38b1-4419-8986-87ceabeb03fe, line 0: Successfully compiled asm.js code (total compilation time 40ms)
JavaScript warning: https://mail.protonmail.com/9.8542fd4997.chunk.js, line 0: Successfully compiled asm.js code (total compilation time 6ms)
JavaScript warning: https://mail.protonmail.com/9.8542fd4997.chunk.js, line 0: Successfully compiled asm.js code (total compilation time 9ms)
JavaScript warning: blob:https://mail.protonmail.com/b098da52-74a0-4dad-8a7a-efde3536dbb7, line 0: Successfully compiled asm.js code (total compilation time 1ms)
JavaScript warning: blob:https://mail.protonmail.com/b098da52-74a0-4dad-8a7a-efde3536dbb7, line 0: Successfully compiled asm.js code (total compilation time 2ms)
JavaScript warning: blob:https://mail.protonmail.com/b098da52-74a0-4dad-8a7a-efde3536dbb7, line 0: Successfully compiled asm.js code (total compilation time 24ms)
1580675364749	Marionette	INFO	Stopped listening on port 45937
